[INFO] Scanning for projects...
[INFO] 
[INFO] ------------------------< com.example:manager >-------------------------
[INFO] Building manager 0.0.1-SNAPSHOT
[INFO]   from pom.xml
[INFO] --------------------------------[ jar ]---------------------------------
[INFO] 
[INFO] >>> spring-boot:3.2.0:run (default-cli) > test-compile @ manager >>>
[WARNING] The artifact mysql:mysql-connector-java:jar:8.0.33 has been relocated to com.mysql:mysql-connector-j:jar:8.0.33: MySQL Connector/J artifacts moved to reverse-DNS compliant Maven 2+ coordinates.
[INFO] 
[INFO] --- resources:3.3.1:resources (default-resources) @ manager ---
[INFO] Copying 1 resource from src/main/resources to target/classes
[INFO] Copying 0 resource from src/main/resources to target/classes
[INFO] 
[INFO] --- compiler:3.11.0:compile (default-compile) @ manager ---
[INFO] Nothing to compile - all classes are up to date
[INFO] 
[INFO] --- resources:3.3.1:testResources (default-testResources) @ manager ---
[INFO] skip non existing resourceDirectory /Users/BookAir/Downloads/project 2/backend/src/test/resources
[INFO] 
[INFO] --- compiler:3.11.0:testCompile (default-testCompile) @ manager ---
[INFO] No sources to compile
[INFO] 
[INFO] <<< spring-boot:3.2.0:run (default-cli) < test-compile @ manager <<<
[INFO] 
[INFO] 
[INFO] --- spring-boot:3.2.0:run (default-cli) @ manager ---
[INFO] Attaching agents: []

  .   ____          _            __ _ _
 /\\ / ___'_ __ _ _(_)_ __  __ _ \ \ \ \
( ( )\___ | '_ | '_| | '_ \/ _` | \ \ \ \
 \\/  ___)| |_)| | | | | || (_| |  ) ) ) )
  '  |____| .__|_| |_|_| |_\__, | / / / /
 =========|_|==============|___/=/_/_/_/
[32m :: Spring Boot :: [39m              [2m (v3.2.0)[0;39m

[2m2025-08-03T11:26:32.557+05:30[0;39m [32m INFO[0;39m [35m20926[0;39m [2m---[0;39m [2m[  restartedMain][0;39m [2m[0;39m[36mcom.example.manager.ManagerApplication  [0;39m [2m:[0;39m Starting ManagerApplication using Java 23.0.2 with PID 20926 (/Users/BookAir/Downloads/project 2/backend/target/classes started by BookAir in /Users/BookAir/Downloads/project 2/backend)
[2m2025-08-03T11:26:32.560+05:30[0;39m [32mDEBUG[0;39m [35m20926[0;39m [2m---[0;39m [2m[  restartedMain][0;39m [2m[0;39m[36mcom.example.manager.ManagerApplication  [0;39m [2m:[0;39m Running with Spring Boot v3.2.0, Spring v6.1.1
[2m2025-08-03T11:26:32.561+05:30[0;39m [32m INFO[0;39m [35m20926[0;39m [2m---[0;39m [2m[  restartedMain][0;39m [2m[0;39m[36mcom.example.manager.ManagerApplication  [0;39m [2m:[0;39m No active profile set, falling back to 1 default profile: "default"
[2m2025-08-03T11:26:32.721+05:30[0;39m [32m INFO[0;39m [35m20926[0;39m [2m---[0;39m [2m[  restartedMain][0;39m [2m[0;39m[36m.e.DevToolsPropertyDefaultsPostProcessor[0;39m [2m:[0;39m Devtools property defaults active! Set 'spring.devtools.add-properties' to 'false' to disable
[2m2025-08-03T11:26:32.721+05:30[0;39m [32m INFO[0;39m [35m20926[0;39m [2m---[0;39m [2m[  restartedMain][0;39m [2m[0;39m[36m.e.DevToolsPropertyDefaultsPostProcessor[0;39m [2m:[0;39m For additional web related logging consider setting the 'logging.level.web' property to 'DEBUG'
[2m2025-08-03T11:26:34.297+05:30[0;39m [33m WARN[0;39m [35m20926[0;39m [2m---[0;39m [2m[  restartedMain][0;39m [2m[0;39m[36mConfigServletWebServerApplicationContext[0;39m [2m:[0;39m Exception encountered during context initialization - cancelling refresh attempt: org.springframework.beans.factory.support.BeanDefinitionOverrideException: Invalid bean definition with name 'corsConfigurationSource' defined in class path resource [com/example/manager/config/SecurityConfig.class]: Cannot register bean definition [Root bean: class [null]; scope=; abstract=false; lazyInit=null; autowireMode=3; dependencyCheck=0; autowireCandidate=true; primary=false; factoryBeanName=securityConfig; factoryMethodName=corsConfigurationSource; initMethodNames=null; destroyMethodNames=[(inferred)]; defined in class path resource [com/example/manager/config/SecurityConfig.class]] for bean 'corsConfigurationSource' since there is already [Root bean: class [null]; scope=; abstract=false; lazyInit=null; autowireMode=3; dependencyCheck=0; autowireCandidate=true; primary=false; factoryBeanName=corsConfig; factoryMethodName=corsConfigurationSource; initMethodNames=null; destroyMethodNames=[(inferred)]; defined in class path resource [com/example/manager/config/CorsConfig.class]] bound.
[2m2025-08-03T11:26:34.318+05:30[0;39m [32m INFO[0;39m [35m20926[0;39m [2m---[0;39m [2m[  restartedMain][0;39m [2m[0;39m[36m.s.b.a.l.ConditionEvaluationReportLogger[0;39m [2m:[0;39m 

Error starting ApplicationContext. To display the condition evaluation report re-run your application with 'debug' enabled.
[2m2025-08-03T11:26:34.398+05:30[0;39m [31mERROR[0;39m [35m20926[0;39m [2m---[0;39m [2m[  restartedMain][0;39m [2m[0;39m[36mo.s.b.d.LoggingFailureAnalysisReporter  [0;39m [2m:[0;39m 

***************************
APPLICATION FAILED TO START
***************************

Description:

The bean 'corsConfigurationSource', defined in class path resource [com/example/manager/config/SecurityConfig.class], could not be registered. A bean with that name has already been defined in class path resource [com/example/manager/config/CorsConfig.class] and overriding is disabled.

Action:

Consider renaming one of the beans or enabling overriding by setting spring.main.allow-bean-definition-overriding=true

[INFO] ------------------------------------------------------------------------
[INFO] BUILD SUCCESS
[INFO] ------------------------------------------------------------------------
[INFO] Total time:  11.891 s
[INFO] Finished at: 2025-08-03T11:26:34+05:30
[INFO] ------------------------------------------------------------------------
